# JRE version: OpenJDK Runtime Environment Temurin-21.0.4+7 (21.0.4+7) (build 21.0.4+7-LTS)
# Java VM: OpenJDK 64-Bit Server VM Temurin-21.0.4+7 (21.0.4+7-LTS, mixed mode, emulated-client, sharing, tiered, compressed oops, compressed class ptrs, g1 gc, windows-amd64)
GC Precious Log:
 CardTable entry size: 512
 Card Set container configuration: InlinePtr #cards 5 size 8 Array Of Cards #cards 12 size 40 Howl #buckets 4 coarsen threshold 1843 Howl Bitmap #cards 512 size 80 coarsen threshold 460 Card regions per heap region 1 cards per card region 2048
 CPUs: 8 total, 8 available
 Memory: 7502M
 Large Page Support: Disabled
 NUMA Support: Disabled
 Compressed Oops: Enabled (32-bit)
 Heap Region Size: 1M
 Heap Min Capacity: 8M
 Heap Initial Capacity: 118M
 Heap Max Capacity: 1876M
 Pre-touch: Disabled
 Parallel Workers: 8
 Concurrent Workers: 2
 Concurrent Refinement Workers: 8
 Periodic GC: Disabled
Heap:
 garbage-first heap   total 46080K, used 36539K [0x000000008ac00000, 0x0000000100000000)
  region size 1024K, 20 young (20480K), 1 survivors (1024K)
 Metaspace       used 39006K, committed 39744K, reserved 1114112K
  class space    used 5227K, committed 5568K, reserved 1048576K
GC Heap History (20 events):
Event: 1526.496 GC heap after
{Heap after GC invocations=32 (full 6):
 garbage-first heap   total 46080K, used 18681K [0x000000008ac00000, 0x0000000100000000)
  region size 1024K, 3 young (3072K), 3 survivors (3072K)
 Metaspace       used 38468K, committed 39040K, reserved 1114112K
  class space    used 5180K, committed 5440K, reserved 1048576K
}
Event: 2016.837 GC heap before
{Heap before GC invocations=32 (full 6):
 garbage-first heap   total 46080K, used 38137K [0x000000008ac00000, 0x0000000100000000)
  region size 1024K, 22 young (22528K), 3 survivors (3072K)
 Metaspace       used 38822K, committed 39424K, reserved 1114112K
  class space    used 5224K, committed 5504K, reserved 1048576K
}
Event: 2016.846 GC heap after
{Heap after GC invocations=33 (full 6):
 garbage-first heap   total 46080K, used 19011K [0x000000008ac00000, 0x0000000100000000)
  region size 1024K, 2 young (2048K), 2 survivors (2048K)
 Metaspace       used 38822K, committed 39424K, reserved 1114112K
  class space    used 5224K, committed 5504K, reserved 1048576K
}
Event: 2349.164 GC heap before
{Heap before GC invocations=33 (full 6):
 garbage-first heap   total 46080K, used 33347K [0x000000008ac00000, 0x0000000100000000)
  region size 1024K, 18 young (18432K), 2 survivors (2048K)
 Metaspace       used 39081K, committed 39744K, reserved 1114112K
  class space    used 5244K, committed 5568K, reserved 1048576K
}
Event: 2349.316 GC heap after
{Heap after GC invocations=34 (full 7):
 garbage-first heap   total 46080K, used 15812K [0x000000008ac00000, 0x0000000100000000)
  region size 1024K, 0 young (0K), 0 survivors (0K)
 Metaspace       used 38887K, committed 39744K, reserved 1114112K
  class space    used 5197K, committed 5568K, reserved 1048576K
}
Event: 2350.049 GC heap before
{Heap before GC invocations=34 (full 7):
 garbage-first heap   total 46080K, used 36292K [0x000000008ac00000, 0x0000000100000000)
  region size 1024K, 21 young (21504K), 0 survivors (0K)
 Metaspace       used 38965K, committed 39744K, reserved 1114112K
  class space    used 5217K, committed 5568K, reserved 1048576K
}
Event: 2350.057 GC heap after
{Heap after GC invocations=35 (full 7):
 garbage-first heap   total 46080K, used 18571K [0x000000008ac00000, 0x0000000100000000)
  region size 1024K, 3 young (3072K), 3 survivors (3072K)
 Metaspace       used 38965K, committed 39744K, reserved 1114112K
  class space    used 5217K, committed 5568K, reserved 1048576K
}
Event: 2441.791 GC heap before
{Heap before GC invocations=35 (full 7):
 garbage-first heap   total 46080K, used 35979K [0x000000008ac00000, 0x0000000100000000)
  region size 1024K, 21 young (21504K), 3 survivors (3072K)
 Metaspace       used 39120K, committed 39744K, reserved 1114112K
  class space    used 5253K, committed 5568K, reserved 1048576K
}
Event: 2441.801 GC heap after
{Heap after GC invocations=36 (full 7):
 garbage-first heap   total 46080K, used 21070K [0x000000008ac00000, 0x0000000100000000)
  region size 1024K, 3 young (3072K), 3 survivors (3072K)
 Metaspace       used 39120K, committed 39744K, reserved 1114112K
  class space    used 5253K, committed 5568K, reserved 1048576K
}
Event: 2861.933 GC heap before
{Heap before GC invocations=36 (full 7):
 garbage-first heap   total 46080K, used 34382K [0x000000008ac00000, 0x0000000100000000)
  region size 1024K, 17 young (17408K), 3 survivors (3072K)
 Metaspace       used 39124K, committed 39744K, reserved 1114112K
  class space    used 5253K, committed 5568K, reserved 1048576K
}
Event: 2862.008 GC heap after
{Heap after GC invocations=37 (full 8):
 garbage-first heap   total 46080K, used 15613K [0x000000008ac00000, 0x0000000100000000)
  region size 1024K, 0 young (0K), 0 survivors (0K)
 Metaspace       used 38899K, committed 39744K, reserved 1114112K
  class space    used 5198K, committed 5568K, reserved 1048576K
}
Event: 2862.797 GC heap before
{Heap before GC invocations=37 (full 8):
 garbage-first heap   total 46080K, used 35069K [0x000000008ac00000, 0x0000000100000000)
  region size 1024K, 20 young (20480K), 0 survivors (0K)
 Metaspace       used 38970K, committed 39744K, reserved 1114112K
  class space    used 5216K, committed 5568K, reserved 1048576K
}
Event: 2862.800 GC heap after
{Heap after GC invocations=38 (full 8):
 garbage-first heap   total 46080K, used 18214K [0x000000008ac00000, 0x0000000100000000)
  region size 1024K, 3 young (3072K), 3 survivors (3072K)
 Metaspace       used 38970K, committed 39744K, reserved 1114112K
  class space    used 5216K, committed 5568K, reserved 1048576K
}
Event: 2949.448 GC heap before
{Heap before GC invocations=38 (full 8):
 garbage-first heap   total 46080K, used 35622K [0x000000008ac00000, 0x0000000100000000)
  region size 1024K, 20 young (20480K), 3 survivors (3072K)
 Metaspace       used 39095K, committed 39744K, reserved 1114112K
  class space    used 5245K, committed 5568K, reserved 1048576K
}
Event: 2949.453 GC heap after
{Heap after GC invocations=39 (full 8):
 garbage-first heap   total 46080K, used 19761K [0x000000008ac00000, 0x0000000100000000)
  region size 1024K, 3 young (3072K), 3 survivors (3072K)
 Metaspace       used 39095K, committed 39744K, reserved 1114112K
  class space    used 5245K, committed 5568K, reserved 1048576K
}
Event: 2970.359 GC heap before
{Heap before GC invocations=39 (full 8):
 garbage-first heap   total 46080K, used 20785K [0x000000008ac00000, 0x0000000100000000)
  region size 1024K, 5 young (5120K), 3 survivors (3072K)
 Metaspace       used 39098K, committed 39744K, reserved 1114112K
  class space    used 5246K, committed 5568K, reserved 1048576K
}
Event: 2970.386 GC heap after
{Heap after GC invocations=40 (full 9):
 garbage-first heap   total 46080K, used 14327K [0x000000008ac00000, 0x0000000100000000)
  region size 1024K, 0 young (0K), 0 survivors (0K)
 Metaspace       used 38880K, committed 39744K, reserved 1114112K
  class space    used 5195K, committed 5568K, reserved 1048576K
}
Event: 2971.106 GC heap before
{Heap before GC invocations=40 (full 9):
 garbage-first heap   total 46080K, used 35831K [0x000000008ac00000, 0x0000000100000000)
  region size 1024K, 21 young (21504K), 0 survivors (0K)
 Metaspace       used 38963K, committed 39744K, reserved 1114112K
  class space    used 5216K, committed 5568K, reserved 1048576K
}
Event: 2971.110 GC heap after
{Heap after GC invocations=41 (full 9):
 garbage-first heap   total 46080K, used 17083K [0x000000008ac00000, 0x0000000100000000)
  region size 1024K, 3 young (3072K), 3 survivors (3072K)
 Metaspace       used 38963K, committed 39744K, reserved 1114112K
  class space    used 5216K, committed 5568K, reserved 1048576K
}
Event: 3982.392 GC heap before
{Heap before GC invocations=41 (full 9):
 garbage-first heap   total 46080K, used 36539K [0x000000008ac00000, 0x0000000100000000)
  region size 1024K, 22 young (22528K), 3 survivors (3072K)
 Metaspace       used 39006K, committed 39744K, reserved 1114112K
  class space    used 5227K, committed 5568K, reserved 1048576K
}

